


ARM Macro Assembler    Page 1 


    1 00000000                 AREA             GPIO, CODE, READWRITE
    2 00000000         
    3 00000000                 EXPORT           mothership_setup
    4 00000000                 EXPORT           mothership_starting_showup_left
    5 00000000                 EXPORT           mothership_starting_showup_righ
t
    6 00000000                 EXPORT           mothership_right_move
    7 00000000                 EXPORT           mothership_left_move
    8 00000000         
    9 00000000                 EXTERN           update_map
   10 00000000         ;Jay version mothership
   11 00000000         
   12 00000000 40007860 
                       mothership_left_or_right_dir
                               EQU              0x40007860
   13 00000000         ; 0 means from X-------------> from left
   14 00000000         ; 1 means from <-------------X from right
   15 00000000 40007880 
                       mothership_offset
                               EQU              0x40007880
   16 00000000 400078A0 
                       mothership_exist_on_board
                               EQU              0x400078A0
   17 00000000 40007100 
                       promptoffset
                               EQU              0x40007100
   18 00000000         mothership_setup
   19 00000000 E92D4000        STMFD            SP!, {lr}
   20 00000004 E59F010C        LDR              r0, =mothership_exist_on_board
   21 00000008 E3A01000        MOV              r1, #0
   22 0000000C E5801000        STR              r1, [r0]
   23 00000010 E8BD4000        LDMFD            SP!, {lr}
   24 00000014 E12FFF1E        BX               lr
   25 00000018         
   26 00000018         
   27 00000018         mothership_starting_showup_left
   28 00000018 E92D4000        STMFD            SP!, {lr}
   29 0000001C         
   30 0000001C E59F00F8        LDR              r0, =mothership_left_or_right_d
ir
   31 00000020 E3A01000        MOV              r1, #0
   32 00000024 E5801000        STR              r1, [r0]
   33 00000028         
   34 00000028         
   35 00000028         
   36 00000028 E59F00F0        LDR              r0, =promptoffset
   37 0000002C E5901000        LDR              r1, [r0]
   38 00000030 E3A02058        MOV              r2, #0x58
   39 00000034 E59F00E8        LDR              r0, =mothership_offset
   40 00000038 E5E1201B        STRB             r2, [r1, #0x1B]!
   41 0000003C E5801000        STR              r1, [r0]
   42 00000040 E59F00D0        LDR              r0, =mothership_exist_on_board
   43 00000044 E3A01001        MOV              r1, #1
   44 00000048 E5801000        STR              r1, [r0]
   45 0000004C         
   46 0000004C E8BD4000        LDMFD            SP!, {lr}
   47 00000050 E12FFF1E        BX               lr
   48 00000054         
   49 00000054         mothership_starting_showup_right



ARM Macro Assembler    Page 2 


   50 00000054 E92D4000        STMFD            SP!, {lr}
   51 00000058         
   52 00000058 E59F00BC        LDR              r0, =mothership_left_or_right_d
ir
   53 0000005C E3A01001        MOV              r1, #1
   54 00000060 E5801000        STR              r1, [r0]
   55 00000064         
   56 00000064 E59F00B4        LDR              r0, =promptoffset
   57 00000068 E5901000        LDR              r1, [r0]
   58 0000006C E3A02058        MOV              r2, #0x58
   59 00000070 E59F00AC        LDR              r0, =mothership_offset
   60 00000074 E5E1202F        STRB             r2, [r1, #0x2F]!
   61 00000078 E5801000        STR              r1, [r0]
   62 0000007C E59F0094        LDR              r0, =mothership_exist_on_board
   63 00000080 E3A01001        MOV              r1, #1
   64 00000084 E5801000        STR              r1, [r0]
   65 00000088         
   66 00000088 E8BD4000        LDMFD            SP!, {lr}
   67 0000008C E12FFF1E        BX               lr
   68 00000090         
   69 00000090         mothership_left_move
   70 00000090 E92D4000        STMFD            SP! ,{lr}
   71 00000094 E59F0088        LDR              r0, =mothership_offset
   72 00000098 E5901000        LDR              r1, [r0]
   73 0000009C E5515001        LDRB             r5, [r1,#-1]
   74 000000A0         
   75 000000A0 E3A02020        MOV              r2, #0x20
   76 000000A4 E5C12000        STRB             r2, [r1]
   77 000000A8         
   78 000000A8 E355007C        CMP              r5, #0x7C
   79 000000AC 1A000003        BNE              no_worries2
   80 000000B0         
   81 000000B0 E59F0060        LDR              r0, =mothership_exist_on_board
   82 000000B4 E3A01000        MOV              r1, #0
   83 000000B8 E5801000        STR              r1, [r0]
   84 000000BC         
   85 000000BC EA000002        B                done_right_once2
   86 000000C0         no_worries2
   87 000000C0 E3A02058        MOV              r2, #0x58
   88 000000C4 E5612001        STRB             r2, [r1,#-1]!
   89 000000C8 E5801000        STR              r1, [r0]
   90 000000CC         
   91 000000CC         done_right_once2
   92 000000CC         ;BL update_map
   93 000000CC E8BD4000        LDMFD            SP!, {lr}
   94 000000D0 E12FFF1E        BX               lr
   95 000000D4         
   96 000000D4         
   97 000000D4         
   98 000000D4         mothership_right_move
   99 000000D4 E92D4000        STMFD            SP! ,{lr}
  100 000000D8 E59F0044        LDR              r0, =mothership_offset
  101 000000DC E5901000        LDR              r1, [r0]
  102 000000E0 E5D15001        LDRB             r5, [r1,#1]
  103 000000E4         
  104 000000E4 E3A02020        MOV              r2, #0x20
  105 000000E8 E5C12000        STRB             r2, [r1]
  106 000000EC         
  107 000000EC E355007C        CMP              r5, #0x7C



ARM Macro Assembler    Page 3 


  108 000000F0 1A000003        BNE              no_worries
  109 000000F4         
  110 000000F4 E59F001C        LDR              r0, =mothership_exist_on_board
  111 000000F8 E3A01000        MOV              r1, #0
  112 000000FC E5801000        STR              r1, [r0]
  113 00000100         
  114 00000100 EA000002        B                done_right_once
  115 00000104         no_worries
  116 00000104 E3A02058        MOV              r2, #0x58
  117 00000108 E5E12001        STRB             r2, [r1,#1]!
  118 0000010C E5801000        STR              r1, [r0]
  119 00000110         
  120 00000110         done_right_once
  121 00000110         
  122 00000110         ;BL update_map
  123 00000110 E8BD4000        LDMFD            SP!, {lr}
  124 00000114 E12FFF1E        BX               lr
  125 00000118         
  126 00000118         
  127 00000118                 END
              400078A0 
              40007860 
              40007100 
              40007880 
Command Line: --debug --xref --diag_suppress=9931 --apcs=interwork --depend=.\o
bjects\mothership.d -o.\objects\mothership.o -IC:\Keil_v5\ARM\RV31\INC -IC:\Kei
l_v5\ARM\CMSIS\Include -IC:\Keil_v5\ARM\Inc\Philips --predefine="__EVAL SETA 1"
 --predefine="__UVISION_VERSION SETA 518" --list=.\listings\mothership.lst moth
ership.s



ARM Macro Assembler    Page 1 Alphabetic symbol ordering
Relocatable symbols

GPIO 00000000

Symbol: GPIO
   Definitions
      At line 1 in file mothership.s
   Uses
      None
Comment: GPIO unused
done_right_once 00000110

Symbol: done_right_once
   Definitions
      At line 120 in file mothership.s
   Uses
      At line 114 in file mothership.s
Comment: done_right_once used once
done_right_once2 000000CC

Symbol: done_right_once2
   Definitions
      At line 91 in file mothership.s
   Uses
      At line 85 in file mothership.s
Comment: done_right_once2 used once
mothership_left_move 00000090

Symbol: mothership_left_move
   Definitions
      At line 69 in file mothership.s
   Uses
      At line 7 in file mothership.s
Comment: mothership_left_move used once
mothership_right_move 000000D4

Symbol: mothership_right_move
   Definitions
      At line 98 in file mothership.s
   Uses
      At line 6 in file mothership.s
Comment: mothership_right_move used once
mothership_setup 00000000

Symbol: mothership_setup
   Definitions
      At line 18 in file mothership.s
   Uses
      At line 3 in file mothership.s
Comment: mothership_setup used once
mothership_starting_showup_left 00000018

Symbol: mothership_starting_showup_left
   Definitions
      At line 27 in file mothership.s
   Uses
      At line 4 in file mothership.s
Comment: mothership_starting_showup_left used once
mothership_starting_showup_right 00000054

Symbol: mothership_starting_showup_right



ARM Macro Assembler    Page 2 Alphabetic symbol ordering
Relocatable symbols

   Definitions
      At line 49 in file mothership.s
   Uses
      At line 5 in file mothership.s
Comment: mothership_starting_showup_right used once
no_worries 00000104

Symbol: no_worries
   Definitions
      At line 115 in file mothership.s
   Uses
      At line 108 in file mothership.s
Comment: no_worries used once
no_worries2 000000C0

Symbol: no_worries2
   Definitions
      At line 86 in file mothership.s
   Uses
      At line 79 in file mothership.s
Comment: no_worries2 used once
10 symbols



ARM Macro Assembler    Page 1 Alphabetic symbol ordering
Absolute symbols

mothership_exist_on_board 400078A0

Symbol: mothership_exist_on_board
   Definitions
      At line 16 in file mothership.s
   Uses
      At line 20 in file mothership.s
      At line 42 in file mothership.s
      At line 62 in file mothership.s
      At line 81 in file mothership.s
      At line 110 in file mothership.s

mothership_left_or_right_dir 40007860

Symbol: mothership_left_or_right_dir
   Definitions
      At line 12 in file mothership.s
   Uses
      At line 30 in file mothership.s
      At line 52 in file mothership.s

mothership_offset 40007880

Symbol: mothership_offset
   Definitions
      At line 15 in file mothership.s
   Uses
      At line 39 in file mothership.s
      At line 59 in file mothership.s
      At line 71 in file mothership.s
      At line 100 in file mothership.s

promptoffset 40007100

Symbol: promptoffset
   Definitions
      At line 17 in file mothership.s
   Uses
      At line 36 in file mothership.s
      At line 56 in file mothership.s

4 symbols



ARM Macro Assembler    Page 1 Alphabetic symbol ordering
External symbols

update_map 00000000

Symbol: update_map
   Definitions
      At line 9 in file mothership.s
   Uses
      None
Comment: update_map unused
1 symbol
349 symbols in table
