


ARM Macro Assembler    Page 1 


    1 00000000                 AREA             GPIO, CODE, READWRITE
    2 00000000         
    3 00000000                 EXPORT           ship_setups
    4 00000000                 EXPORT           ship_shift_left
    5 00000000                 EXPORT           ship_shift_right
    6 00000000         
    7 00000000                 EXTERN           FIQ_Handler
    8 00000000                 EXTERN           end_of_code
    9 00000000                 EXTERN           endgame
   10 00000000 40006900 
                       current_score_1
                               EQU              0x40006900
   11 00000000 40006904 
                       current_score_10
                               EQU              0x40006904
   12 00000000 40006908 
                       current_score_100
                               EQU              0x40006908
   13 00000000 4000690C 
                       current_score_1000
                               EQU              0x4000690C
   14 00000000         
   15 00000000 40007100 
                       promptoffset
                               EQU              0x40007100
   16 00000000 40006000 
                       ship_location
                               EQU              0x40006000
   17 00000000 40005000 
                       lives   EQU              0x40005000
   18 00000000 E0028014 
                       IO1SET  EQU              0xE0028014
   19 00000000 400074A0 
                       enemy_proj_offset
                               EQU              0x400074A0
   20 00000000 400074B0 
                       enemy_proj_on_board
                               EQU              0x400074B0  ; 0 means no proj o
                                                            n board, 1 means pr
                                                            oj on board
   21 00000000         
   22 00000000         ship_setups
   23 00000000 E92D400E        STMFD            SP!, {r1-r3,lr}
   24 00000004 E59F0260        LDR              r0, =ship_location
   25 00000008 E59F1260        LDR              r1, =promptoffset ;SHIPS Locati
                                                            on, Row: 14, Collum
                                                             : 11
   26 0000000C E5912000        LDR              r2, [r1]
   27 00000010 E59F325C        LDR              r3, =0x183
   28 00000014 E0822003        ADD              r2, r2, r3
   29 00000018 E5802000        STR              r2 , [r0]
   30 0000001C         
   31 0000001C E8BD400E        LDMFD            SP!, {r1-r3,lr}
   32 00000020 E12FFF1E        BX               lr
   33 00000024         
   34 00000024         ship_shift_left
   35 00000024         ;Load current address
   36 00000024         ;Swap current content with address thats Incremented by 
                       ? 



ARM Macro Assembler    Page 2 


   37 00000024 E59F0240        LDR              r0, =ship_location
   38 00000028 E5901000        LDR              r1, [r0]
   39 0000002C E2412001        SUB              r2, r1, #1  ;r2 stores address 
                                                            that will be swap w
                                                            ith current address
                                                            
   40 00000030 E5D15000        LDRB             r5, [r1]
   41 00000034         ; r1 stores Original Address
   42 00000034 E5D23000        LDRB             r3, [r2]
   43 00000038         
   44 00000038 E3530076        CMP              r3, #0x76
   45 0000003C 1A00003D        BNE              its_not_v
   46 00000040         
   47 00000040 E59F0230        LDR              r0, =current_score_100
   48 00000044 E3A01001        MOV              r1, #1
   49 00000048 E5902000        LDR              r2, [r0]
   50 0000004C E0422001        SUB              r2, r2 , r1
   51 00000050         
   52 00000050 E3720001        CMP              r2, #-1
   53 00000054 AA000011        BGE              is_not_negative
   54 00000058         
   55 00000058 E59F021C        LDR              r0, =current_score_1000
   56 0000005C E5901000        LDR              r1, [r0]
   57 00000060 E3510000        CMP              r1, #0
   58 00000064 1A000008        BNE              its_more_than_9000
   59 00000068         
   60 00000068 E3A01000        MOV              r1, #0
   61 0000006C E5801000        STR              r1, [r0]
   62 00000070 E59F0200        LDR              r0, =current_score_100
   63 00000074 E5801000        STR              r1, [r0]
   64 00000078 E59F0200        LDR              r0, =current_score_10
   65 0000007C E5801000        STR              r1, [r0]
   66 00000080 E59F01FC        LDR              r0, =current_score_1
   67 00000084 E5801000        STR              r1, [r0]
   68 00000088 EA000006        B                done_with_subtracting_all
   69 0000008C         
   70 0000008C         its_more_than_9000
   71 0000008C E3A02009        MOV              r2, #9
   72 00000090 E59F01E4        LDR              r0, =current_score_1000
   73 00000094 E5901000        LDR              r1, [r0]
   74 00000098 E2411001        SUB              r1, r1, #1
   75 0000009C E5801000        STR              r1, [r0]
   76 000000A0         
   77 000000A0         is_not_negative
   78 000000A0 E59F01D0        LDR              r0, =current_score_100
   79 000000A4 E5802000        STR              r2, [r0]
   80 000000A8         
   81 000000A8         done_with_subtracting_all
   82 000000A8         
   83 000000A8         
   84 000000A8 E5802000        STR              r2, [r0]
   85 000000AC E59F01D4        LDR              r0, =enemy_proj_offset
   86 000000B0 E5902000        LDR              r2, [r0]
   87 000000B4 E3A03020        MOV              r3, #0x20
   88 000000B8 E5C23000        STRB             r3, [r2]
   89 000000BC E59F01C8        LDR              r0, =enemy_proj_on_board
   90 000000C0 E3A03000        MOV              r3, #0
   91 000000C4 E5C03000        STRB             r3, [r0]
   92 000000C8         



ARM Macro Assembler    Page 3 


   93 000000C8         three_life_left
   94 000000C8 E59F01C0        LDR              r0, =lives
   95 000000CC E5901000        LDR              r1, [r0]
   96 000000D0 E3510004        CMP              r1, #4
   97 000000D4 1A000005        BNE              two_life_left
   98 000000D8 E2411001        SUB              r1, r1, #1
   99 000000DC E5801000        STR              r1, [r0]
  100 000000E0 E59F01AC        LDR              r0, =IO1SET
  101 000000E4 E3A01702        LDR              r1, =0x00080000
  102 000000E8 E5801000        STR              r1, [r0]
  103 000000EC EA000010        B                exit_this
  104 000000F0         two_life_left
  105 000000F0 E3510003        CMP              r1, #3
  106 000000F4 1A000005        BNE              one_life_left
  107 000000F8 E2411001        SUB              r1, r1, #1
  108 000000FC E5801000        STR              r1, [r0]
  109 00000100 E59F018C        LDR              r0, =IO1SET
  110 00000104 E3A01703        LDR              r1, =0x000C0000
  111 00000108 E5801000        STR              r1, [r0]
  112 0000010C EA000008        B                exit_this
  113 00000110         one_life_left
  114 00000110 E3510002        CMP              r1, #2
  115 00000114 1A000005        BNE              game_over
  116 00000118 E2411001        SUB              r1, r1, #1
  117 0000011C E5801000        STR              r1, [r0]
  118 00000120 E59F016C        LDR              r0, =IO1SET
  119 00000124 E3A0180E        LDR              r1, =0x000E0000
  120 00000128 E5801000        STR              r1, [r0]
  121 0000012C EA000000        B                exit_this
  122 00000130         game_over
  123 00000130 EAFFFFFE        B                endgame
  124 00000134         
  125 00000134         
  126 00000134         exit_this
  127 00000134 EA000002        B                enddddd
  128 00000138         its_not_v
  129 00000138         ; r2 stores address left to the original address
  130 00000138         ; r5 stores 41, 
  131 00000138         ; r3 stores 20, which is 0
  132 00000138 E5C13000        STRB             r3, [r1]
  133 0000013C E5C25000        STRB             r5, [r2]
  134 00000140 E5802000        STR              r2, [r0]
  135 00000144         
  136 00000144         enddddd
  137 00000144         ;im need to update ship address
  138 00000144 E12FFF1E        BX               lr
  139 00000148         
  140 00000148         ship_shift_right
  141 00000148         
  142 00000148         ;Load current address
  143 00000148         ;Swap current content with address thats Incremented by 
                       ? 
  144 00000148 E59F011C        LDR              r0, =ship_location
  145 0000014C E5901000        LDR              r1, [r0]
  146 00000150 E2812001        ADD              r2, r1, #1  ;r2 stores address 
                                                            that will be swap w
                                                            ith current address
                                                            
  147 00000154 E5D15000        LDRB             r5, [r1]



ARM Macro Assembler    Page 4 


  148 00000158         ; r1 stores Original Address
  149 00000158 E5D23000        LDRB             r3, [r2]
  150 0000015C E3530076        CMP              r3, #0x76
  151 00000160 1A00003D        BNE              its_not_vv
  152 00000164         
  153 00000164 E59F010C        LDR              r0, =current_score_100
  154 00000168 E3A01001        MOV              r1, #1
  155 0000016C E5902000        LDR              r2, [r0]
  156 00000170 E0422001        SUB              r2, r2 , r1
  157 00000174         
  158 00000174 E3720001        CMP              r2, #-1
  159 00000178 AA000011        BGE              is_not_negative2
  160 0000017C         
  161 0000017C E59F00F8        LDR              r0, =current_score_1000
  162 00000180 E5901000        LDR              r1, [r0]
  163 00000184 E3510000        CMP              r1, #0
  164 00000188 1A000008        BNE              its_more_than_90002
  165 0000018C         
  166 0000018C E3A01000        MOV              r1, #0
  167 00000190 E5801000        STR              r1, [r0]
  168 00000194 E59F00DC        LDR              r0, =current_score_100
  169 00000198 E5801000        STR              r1, [r0]
  170 0000019C E59F00DC        LDR              r0, =current_score_10
  171 000001A0 E5801000        STR              r1, [r0]
  172 000001A4 E59F00D8        LDR              r0, =current_score_1
  173 000001A8 E5801000        STR              r1, [r0]
  174 000001AC EA000006        B                done_with_subtracting_all2
  175 000001B0         
  176 000001B0         its_more_than_90002
  177 000001B0 E3A02009        MOV              r2, #9
  178 000001B4 E59F00C0        LDR              r0, =current_score_1000
  179 000001B8 E5901000        LDR              r1, [r0]
  180 000001BC E2411001        SUB              r1, r1, #1
  181 000001C0 E5801000        STR              r1, [r0]
  182 000001C4         
  183 000001C4         is_not_negative2
  184 000001C4 E59F00AC        LDR              r0, =current_score_100
  185 000001C8 E5802000        STR              r2, [r0]
  186 000001CC         
  187 000001CC         done_with_subtracting_all2
  188 000001CC         
  189 000001CC         
  190 000001CC         
  191 000001CC         
  192 000001CC         
  193 000001CC         
  194 000001CC         
  195 000001CC         
  196 000001CC         
  197 000001CC         
  198 000001CC         
  199 000001CC E5802000        STR              r2, [r0]
  200 000001D0 E59F00B0        LDR              r0, =enemy_proj_offset
  201 000001D4 E5902000        LDR              r2, [r0]
  202 000001D8 E3A03020        MOV              r3, #0x20
  203 000001DC E5C23000        STRB             r3, [r2]
  204 000001E0 E59F00A4        LDR              r0, =enemy_proj_on_board
  205 000001E4 E3A03000        MOV              r3, #0
  206 000001E8 E5C03000        STRB             r3, [r0]



ARM Macro Assembler    Page 5 


  207 000001EC         
  208 000001EC         three_life_left2
  209 000001EC E59F009C        LDR              r0, =lives
  210 000001F0 E5901000        LDR              r1, [r0]
  211 000001F4 E3510004        CMP              r1, #4
  212 000001F8 1A000005        BNE              two_life_left2
  213 000001FC E2411001        SUB              r1, r1, #1
  214 00000200 E5801000        STR              r1, [r0]
  215 00000204 E59F0088        LDR              r0, =IO1SET
  216 00000208 E3A01702        LDR              r1, =0x00080000
  217 0000020C E5801000        STR              r1, [r0]
  218 00000210 EA000010        B                exit_this2
  219 00000214         two_life_left2
  220 00000214 E3510003        CMP              r1, #3
  221 00000218 1A000005        BNE              one_life_left2
  222 0000021C E2411001        SUB              r1, r1, #1
  223 00000220 E5801000        STR              r1, [r0]
  224 00000224 E59F0068        LDR              r0, =IO1SET
  225 00000228 E3A01703        LDR              r1, =0x000C0000
  226 0000022C E5801000        STR              r1, [r0]
  227 00000230 EA000008        B                exit_this2
  228 00000234         one_life_left2
  229 00000234 E3510002        CMP              r1, #2
  230 00000238 1A000005        BNE              game_over2
  231 0000023C E2411001        SUB              r1, r1, #1
  232 00000240 E5801000        STR              r1, [r0]
  233 00000244 E59F0048        LDR              r0, =IO1SET
  234 00000248 E3A0180E        LDR              r1, =0x000E0000
  235 0000024C E5801000        STR              r1, [r0]
  236 00000250 EA000000        B                exit_this2
  237 00000254         game_over2
  238 00000254 EAFFFFFE        B                endgame
  239 00000258         
  240 00000258         
  241 00000258         exit_this2
  242 00000258         
  243 00000258         
  244 00000258         
  245 00000258         
  246 00000258         
  247 00000258         
  248 00000258         
  249 00000258         
  250 00000258 EA000002        B                enddddd2
  251 0000025C         its_not_vv
  252 0000025C         ; r3, stores address left to the original address
  253 0000025C         ; r5 stores 41, 
  254 0000025C         ; r3 stores 20, which is 0
  255 0000025C E5C13000        STRB             r3, [r1]
  256 00000260 E5C25000        STRB             r5, [r2]
  257 00000264 E5802000        STR              r2, [r0]
  258 00000268         enddddd2
  259 00000268         ;im need to update ship address
  260 00000268 E12FFF1E        BX               lr
  261 0000026C         
  262 0000026C         
  263 0000026C         
  264 0000026C                 END
              40006000 



ARM Macro Assembler    Page 6 


              40007100 
              00000183 
              40006908 
              4000690C 
              40006904 
              40006900 
              400074A0 
              400074B0 
              40005000 
              E0028014 
Command Line: --debug --xref --diag_suppress=9931 --apcs=interwork --depend=.\o
bjects\myship.d -o.\objects\myship.o -IC:\Keil_v5\ARM\RV31\INC -IC:\Keil_v5\ARM
\CMSIS\Include -IC:\Keil_v5\ARM\Inc\Philips --predefine="__EVAL SETA 1" --prede
fine="__UVISION_VERSION SETA 518" --list=.\listings\myship.lst myship.s



ARM Macro Assembler    Page 1 Alphabetic symbol ordering
Relocatable symbols

GPIO 00000000

Symbol: GPIO
   Definitions
      At line 1 in file myship.s
   Uses
      None
Comment: GPIO unused
done_with_subtracting_all 000000A8

Symbol: done_with_subtracting_all
   Definitions
      At line 81 in file myship.s
   Uses
      At line 68 in file myship.s
Comment: done_with_subtracting_all used once
done_with_subtracting_all2 000001CC

Symbol: done_with_subtracting_all2
   Definitions
      At line 187 in file myship.s
   Uses
      At line 174 in file myship.s
Comment: done_with_subtracting_all2 used once
enddddd 00000144

Symbol: enddddd
   Definitions
      At line 136 in file myship.s
   Uses
      At line 127 in file myship.s
Comment: enddddd used once
enddddd2 00000268

Symbol: enddddd2
   Definitions
      At line 258 in file myship.s
   Uses
      At line 250 in file myship.s
Comment: enddddd2 used once
exit_this 00000134

Symbol: exit_this
   Definitions
      At line 126 in file myship.s
   Uses
      At line 103 in file myship.s
      At line 112 in file myship.s
      At line 121 in file myship.s

exit_this2 00000258

Symbol: exit_this2
   Definitions
      At line 241 in file myship.s
   Uses
      At line 218 in file myship.s
      At line 227 in file myship.s
      At line 236 in file myship.s



ARM Macro Assembler    Page 2 Alphabetic symbol ordering
Relocatable symbols


game_over 00000130

Symbol: game_over
   Definitions
      At line 122 in file myship.s
   Uses
      At line 115 in file myship.s
Comment: game_over used once
game_over2 00000254

Symbol: game_over2
   Definitions
      At line 237 in file myship.s
   Uses
      At line 230 in file myship.s
Comment: game_over2 used once
is_not_negative 000000A0

Symbol: is_not_negative
   Definitions
      At line 77 in file myship.s
   Uses
      At line 53 in file myship.s
Comment: is_not_negative used once
is_not_negative2 000001C4

Symbol: is_not_negative2
   Definitions
      At line 183 in file myship.s
   Uses
      At line 159 in file myship.s
Comment: is_not_negative2 used once
its_more_than_9000 0000008C

Symbol: its_more_than_9000
   Definitions
      At line 70 in file myship.s
   Uses
      At line 58 in file myship.s
Comment: its_more_than_9000 used once
its_more_than_90002 000001B0

Symbol: its_more_than_90002
   Definitions
      At line 176 in file myship.s
   Uses
      At line 164 in file myship.s
Comment: its_more_than_90002 used once
its_not_v 00000138

Symbol: its_not_v
   Definitions
      At line 128 in file myship.s
   Uses
      At line 45 in file myship.s
Comment: its_not_v used once
its_not_vv 0000025C




ARM Macro Assembler    Page 3 Alphabetic symbol ordering
Relocatable symbols

Symbol: its_not_vv
   Definitions
      At line 251 in file myship.s
   Uses
      At line 151 in file myship.s
Comment: its_not_vv used once
one_life_left 00000110

Symbol: one_life_left
   Definitions
      At line 113 in file myship.s
   Uses
      At line 106 in file myship.s
Comment: one_life_left used once
one_life_left2 00000234

Symbol: one_life_left2
   Definitions
      At line 228 in file myship.s
   Uses
      At line 221 in file myship.s
Comment: one_life_left2 used once
ship_setups 00000000

Symbol: ship_setups
   Definitions
      At line 22 in file myship.s
   Uses
      At line 3 in file myship.s
Comment: ship_setups used once
ship_shift_left 00000024

Symbol: ship_shift_left
   Definitions
      At line 34 in file myship.s
   Uses
      At line 4 in file myship.s
Comment: ship_shift_left used once
ship_shift_right 00000148

Symbol: ship_shift_right
   Definitions
      At line 140 in file myship.s
   Uses
      At line 5 in file myship.s
Comment: ship_shift_right used once
three_life_left 000000C8

Symbol: three_life_left
   Definitions
      At line 93 in file myship.s
   Uses
      None
Comment: three_life_left unused
three_life_left2 000001EC

Symbol: three_life_left2
   Definitions
      At line 208 in file myship.s



ARM Macro Assembler    Page 4 Alphabetic symbol ordering
Relocatable symbols

   Uses
      None
Comment: three_life_left2 unused
two_life_left 000000F0

Symbol: two_life_left
   Definitions
      At line 104 in file myship.s
   Uses
      At line 97 in file myship.s
Comment: two_life_left used once
two_life_left2 00000214

Symbol: two_life_left2
   Definitions
      At line 219 in file myship.s
   Uses
      At line 212 in file myship.s
Comment: two_life_left2 used once
24 symbols



ARM Macro Assembler    Page 1 Alphabetic symbol ordering
Absolute symbols

IO1SET E0028014

Symbol: IO1SET
   Definitions
      At line 18 in file myship.s
   Uses
      At line 100 in file myship.s
      At line 109 in file myship.s
      At line 118 in file myship.s
      At line 215 in file myship.s
      At line 224 in file myship.s
      At line 233 in file myship.s

current_score_1 40006900

Symbol: current_score_1
   Definitions
      At line 10 in file myship.s
   Uses
      At line 66 in file myship.s
      At line 172 in file myship.s

current_score_10 40006904

Symbol: current_score_10
   Definitions
      At line 11 in file myship.s
   Uses
      At line 64 in file myship.s
      At line 170 in file myship.s

current_score_100 40006908

Symbol: current_score_100
   Definitions
      At line 12 in file myship.s
   Uses
      At line 47 in file myship.s
      At line 62 in file myship.s
      At line 78 in file myship.s
      At line 153 in file myship.s
      At line 168 in file myship.s
      At line 184 in file myship.s

current_score_1000 4000690C

Symbol: current_score_1000
   Definitions
      At line 13 in file myship.s
   Uses
      At line 55 in file myship.s
      At line 72 in file myship.s
      At line 161 in file myship.s
      At line 178 in file myship.s

enemy_proj_offset 400074A0

Symbol: enemy_proj_offset
   Definitions



ARM Macro Assembler    Page 2 Alphabetic symbol ordering
Absolute symbols

      At line 19 in file myship.s
   Uses
      At line 85 in file myship.s
      At line 200 in file myship.s

enemy_proj_on_board 400074B0

Symbol: enemy_proj_on_board
   Definitions
      At line 20 in file myship.s
   Uses
      At line 89 in file myship.s
      At line 204 in file myship.s

lives 40005000

Symbol: lives
   Definitions
      At line 17 in file myship.s
   Uses
      At line 94 in file myship.s
      At line 209 in file myship.s

promptoffset 40007100

Symbol: promptoffset
   Definitions
      At line 15 in file myship.s
   Uses
      At line 25 in file myship.s
Comment: promptoffset used once
ship_location 40006000

Symbol: ship_location
   Definitions
      At line 16 in file myship.s
   Uses
      At line 24 in file myship.s
      At line 37 in file myship.s
      At line 144 in file myship.s

10 symbols



ARM Macro Assembler    Page 1 Alphabetic symbol ordering
External symbols

FIQ_Handler 00000000

Symbol: FIQ_Handler
   Definitions
      At line 7 in file myship.s
   Uses
      None
Comment: FIQ_Handler unused
end_of_code 00000000

Symbol: end_of_code
   Definitions
      At line 8 in file myship.s
   Uses
      None
Comment: end_of_code unused
endgame 00000000

Symbol: endgame
   Definitions
      At line 9 in file myship.s
   Uses
      At line 123 in file myship.s
      At line 238 in file myship.s

3 symbols
371 symbols in table
